[1.908s] Invoking command in '/home/pi/final_ws/src/build/yolo': CMAKE_PREFIX_PATH=${CMAKE_PREFIX_PATH}:/home/pi/final_ws/install/pi_camera:/opt/ros/humble /usr/bin/cmake /home/pi/final_ws/src/yolo -DCMAKE_INSTALL_PREFIX=/home/pi/final_ws/src/install/yolo
[2.290s] -- The C compiler identification is GNU 11.4.0
[2.974s] -- The CXX compiler identification is GNU 11.4.0
[3.068s] -- Detecting C compiler ABI info
[3.902s] -- Detecting C compiler ABI info - done
[4.044s] -- Check for working C compiler: /usr/bin/cc - skipped
[4.047s] -- Detecting C compile features
[4.052s] -- Detecting C compile features - done
[4.093s] -- Detecting CXX compiler ABI info
[4.695s] -- Detecting CXX compiler ABI info - done
[4.745s] -- Check for working CXX compiler: /usr/bin/c++ - skipped
[4.750s] -- Detecting CXX compile features
[4.759s] -- Detecting CXX compile features - done
[4.813s] -- Found ament_cmake: 1.3.9 (/opt/ros/humble/share/ament_cmake/cmake)
[6.157s] -- Found Python3: /usr/bin/python3 (found version "3.10.12") found components: Interpreter 
[7.137s] -- Found rclpy: 3.3.13 (/opt/ros/humble/share/rclpy/cmake)
[7.170s] -- Found sensor_msgs: 4.2.4 (/opt/ros/humble/share/sensor_msgs/cmake)
[7.588s] -- Found rosidl_generator_c: 3.1.5 (/opt/ros/humble/share/rosidl_generator_c/cmake)
[7.659s] -- Found rosidl_adapter: 3.1.5 (/opt/ros/humble/share/rosidl_adapter/cmake)
[7.753s] -- Found rosidl_generator_cpp: 3.1.5 (/opt/ros/humble/share/rosidl_generator_cpp/cmake)
[7.873s] -- Using all available rosidl_typesupport_c: rosidl_typesupport_fastrtps_c;rosidl_typesupport_introspection_c
[8.058s] -- Using all available rosidl_typesupport_cpp: rosidl_typesupport_fastrtps_cpp;rosidl_typesupport_introspection_cpp
[9.278s] -- Found cv_bridge: 3.2.1 (/opt/ros/humble/share/cv_bridge/cmake)
[9.776s] -- Configuring done
[9.841s] -- Generating done
[9.848s] -- Build files have been written to: /home/pi/final_ws/src/build/yolo
[9.890s] Invoked command in '/home/pi/final_ws/src/build/yolo' returned '0': CMAKE_PREFIX_PATH=${CMAKE_PREFIX_PATH}:/home/pi/final_ws/install/pi_camera:/opt/ros/humble /usr/bin/cmake /home/pi/final_ws/src/yolo -DCMAKE_INSTALL_PREFIX=/home/pi/final_ws/src/install/yolo
[9.893s] Invoking command in '/home/pi/final_ws/src/build/yolo': CMAKE_PREFIX_PATH=${CMAKE_PREFIX_PATH}:/home/pi/final_ws/install/pi_camera:/opt/ros/humble /usr/bin/cmake --build /home/pi/final_ws/src/build/yolo -- -j4 -l4
[10.075s] Invoked command in '/home/pi/final_ws/src/build/yolo' returned '0': CMAKE_PREFIX_PATH=${CMAKE_PREFIX_PATH}:/home/pi/final_ws/install/pi_camera:/opt/ros/humble /usr/bin/cmake --build /home/pi/final_ws/src/build/yolo -- -j4 -l4
[10.232s] Invoking command in '/home/pi/final_ws/src/build/yolo': CMAKE_PREFIX_PATH=${CMAKE_PREFIX_PATH}:/home/pi/final_ws/install/pi_camera:/opt/ros/humble /usr/bin/cmake --install /home/pi/final_ws/src/build/yolo
[10.263s] -- Install configuration: ""
[10.264s] -- Installing: /home/pi/final_ws/src/install/yolo/share/yolo//weights
[10.267s] -- Installing: /home/pi/final_ws/src/install/yolo/share/yolo//weights/best.pt
[10.421s] -- Installing: /home/pi/final_ws/src/install/yolo/share/yolo//src
[10.424s] -- Installing: /home/pi/final_ws/src/install/yolo/share/yolo//src/object_detection.py
[10.425s] -- Installing: /home/pi/final_ws/src/install/yolo/lib/yolo/src
[10.428s] -- Installing: /home/pi/final_ws/src/install/yolo/lib/yolo/src/object_detection.py
[10.428s] -- Installing: /home/pi/final_ws/src/install/yolo/lib/yolo/weights
[10.429s] -- Installing: /home/pi/final_ws/src/install/yolo/lib/yolo/weights/best.pt
[10.477s] -- Installing: /home/pi/final_ws/src/install/yolo/lib/yolo/object_detection.py
[10.480s] -- Installing: /home/pi/final_ws/src/install/yolo/share/ament_index/resource_index/package_run_dependencies/yolo
[10.481s] -- Installing: /home/pi/final_ws/src/install/yolo/share/ament_index/resource_index/parent_prefix_path/yolo
[10.483s] -- Installing: /home/pi/final_ws/src/install/yolo/share/yolo/environment/ament_prefix_path.sh
[10.486s] -- Installing: /home/pi/final_ws/src/install/yolo/share/yolo/environment/ament_prefix_path.dsv
[10.488s] -- Installing: /home/pi/final_ws/src/install/yolo/share/yolo/environment/path.sh
[10.488s] -- Installing: /home/pi/final_ws/src/install/yolo/share/yolo/environment/path.dsv
[10.490s] -- Installing: /home/pi/final_ws/src/install/yolo/share/yolo/local_setup.bash
[10.492s] -- Installing: /home/pi/final_ws/src/install/yolo/share/yolo/local_setup.sh
[10.494s] -- Installing: /home/pi/final_ws/src/install/yolo/share/yolo/local_setup.zsh
[10.498s] -- Installing: /home/pi/final_ws/src/install/yolo/share/yolo/local_setup.dsv
[10.510s] -- Installing: /home/pi/final_ws/src/install/yolo/share/yolo/package.dsv
[10.510s] -- Installing: /home/pi/final_ws/src/install/yolo/share/ament_index/resource_index/packages/yolo
[10.511s] -- Installing: /home/pi/final_ws/src/install/yolo/share/yolo/cmake/yoloConfig.cmake
[10.511s] -- Installing: /home/pi/final_ws/src/install/yolo/share/yolo/cmake/yoloConfig-version.cmake
[10.511s] -- Installing: /home/pi/final_ws/src/install/yolo/share/yolo/package.xml
[10.512s] Invoked command in '/home/pi/final_ws/src/build/yolo' returned '0': CMAKE_PREFIX_PATH=${CMAKE_PREFIX_PATH}:/home/pi/final_ws/install/pi_camera:/opt/ros/humble /usr/bin/cmake --install /home/pi/final_ws/src/build/yolo
