[0.052s] Invoking command in '/home/pi/final_ws/src/slam_ultrasonic/build/slam_ultrasonic': CMAKE_PREFIX_PATH=${CMAKE_PREFIX_PATH}:/opt/ros/humble /usr/bin/cmake /home/pi/final_ws/src/slam_ultrasonic -DCMAKE_INSTALL_PREFIX=/home/pi/final_ws/src/slam_ultrasonic/install/slam_ultrasonic
[0.326s] -- The C compiler identification is GNU 11.4.0
[0.607s] -- The CXX compiler identification is GNU 11.4.0
[0.649s] -- Detecting C compiler ABI info
[0.987s] -- Detecting C compiler ABI info - done
[1.015s] -- Check for working C compiler: /usr/bin/cc - skipped
[1.015s] -- Detecting C compile features
[1.017s] -- Detecting C compile features - done
[1.028s] -- Detecting CXX compiler ABI info
[1.374s] -- Detecting CXX compiler ABI info - done
[1.403s] -- Check for working CXX compiler: /usr/bin/c++ - skipped
[1.404s] -- Detecting CXX compile features
[1.406s] -- Detecting CXX compile features - done
[1.431s] -- Found ament_cmake: 1.3.9 (/opt/ros/humble/share/ament_cmake/cmake)
[2.195s] -- Found Python3: /usr/bin/python3 (found version "3.10.12") found components: Interpreter 
[2.799s] -- Found rclpy: 3.3.13 (/opt/ros/humble/share/rclpy/cmake)
[3.092s] -- Configuring done
[3.110s] -- Generating done
[3.115s] -- Build files have been written to: /home/pi/final_ws/src/slam_ultrasonic/build/slam_ultrasonic
[3.130s] Invoked command in '/home/pi/final_ws/src/slam_ultrasonic/build/slam_ultrasonic' returned '0': CMAKE_PREFIX_PATH=${CMAKE_PREFIX_PATH}:/opt/ros/humble /usr/bin/cmake /home/pi/final_ws/src/slam_ultrasonic -DCMAKE_INSTALL_PREFIX=/home/pi/final_ws/src/slam_ultrasonic/install/slam_ultrasonic
[3.140s] Invoking command in '/home/pi/final_ws/src/slam_ultrasonic/build/slam_ultrasonic': CMAKE_PREFIX_PATH=${CMAKE_PREFIX_PATH}:/opt/ros/humble /usr/bin/cmake --build /home/pi/final_ws/src/slam_ultrasonic/build/slam_ultrasonic -- -j4 -l4
[3.300s] Invoked command in '/home/pi/final_ws/src/slam_ultrasonic/build/slam_ultrasonic' returned '0': CMAKE_PREFIX_PATH=${CMAKE_PREFIX_PATH}:/opt/ros/humble /usr/bin/cmake --build /home/pi/final_ws/src/slam_ultrasonic/build/slam_ultrasonic -- -j4 -l4
[3.579s] Invoking command in '/home/pi/final_ws/src/slam_ultrasonic/build/slam_ultrasonic': CMAKE_PREFIX_PATH=${CMAKE_PREFIX_PATH}:/opt/ros/humble /usr/bin/cmake --install /home/pi/final_ws/src/slam_ultrasonic/build/slam_ultrasonic
[3.614s] -- Install configuration: ""
[3.615s] -- Installing: /home/pi/final_ws/src/slam_ultrasonic/install/slam_ultrasonic/lib/slam_ultrasonic/src
[3.616s] -- Installing: /home/pi/final_ws/src/slam_ultrasonic/install/slam_ultrasonic/lib/slam_ultrasonic/src/servo_node.py
[3.618s] -- Installing: /home/pi/final_ws/src/slam_ultrasonic/install/slam_ultrasonic/lib/slam_ultrasonic/src/ultrasonic_node.py
[3.619s] -- Installing: /home/pi/final_ws/src/slam_ultrasonic/install/slam_ultrasonic/share/slam_ultrasonic//launch
[3.629s] -- Installing: /home/pi/final_ws/src/slam_ultrasonic/install/slam_ultrasonic/share/slam_ultrasonic//launch/servo_launch.py
[3.630s] -- Installing: /home/pi/final_ws/src/slam_ultrasonic/install/slam_ultrasonic/share/slam_ultrasonic//src
[3.630s] -- Installing: /home/pi/final_ws/src/slam_ultrasonic/install/slam_ultrasonic/share/slam_ultrasonic//src/servo_node.py
[3.631s] -- Installing: /home/pi/final_ws/src/slam_ultrasonic/install/slam_ultrasonic/share/slam_ultrasonic//src/ultrasonic_node.py
[3.631s] -- Installing: /home/pi/final_ws/src/slam_ultrasonic/install/slam_ultrasonic/lib/slam_ultrasonic/servo_node.py
[3.631s] -- Installing: /home/pi/final_ws/src/slam_ultrasonic/install/slam_ultrasonic/lib/slam_ultrasonic/ultrasonic_node.py
[3.632s] -- Installing: /home/pi/final_ws/src/slam_ultrasonic/install/slam_ultrasonic/share/ament_index/resource_index/package_run_dependencies/slam_ultrasonic
[3.632s] -- Installing: /home/pi/final_ws/src/slam_ultrasonic/install/slam_ultrasonic/share/ament_index/resource_index/parent_prefix_path/slam_ultrasonic
[3.633s] -- Installing: /home/pi/final_ws/src/slam_ultrasonic/install/slam_ultrasonic/share/slam_ultrasonic/environment/ament_prefix_path.sh
[3.634s] -- Installing: /home/pi/final_ws/src/slam_ultrasonic/install/slam_ultrasonic/share/slam_ultrasonic/environment/ament_prefix_path.dsv
[3.635s] -- Installing: /home/pi/final_ws/src/slam_ultrasonic/install/slam_ultrasonic/share/slam_ultrasonic/environment/path.sh
[3.638s] -- Installing: /home/pi/final_ws/src/slam_ultrasonic/install/slam_ultrasonic/share/slam_ultrasonic/environment/path.dsv
[3.638s] -- Installing: /home/pi/final_ws/src/slam_ultrasonic/install/slam_ultrasonic/share/slam_ultrasonic/local_setup.bash
[3.639s] -- Installing: /home/pi/final_ws/src/slam_ultrasonic/install/slam_ultrasonic/share/slam_ultrasonic/local_setup.sh
[3.641s] -- Installing: /home/pi/final_ws/src/slam_ultrasonic/install/slam_ultrasonic/share/slam_ultrasonic/local_setup.zsh
[3.643s] -- Installing: /home/pi/final_ws/src/slam_ultrasonic/install/slam_ultrasonic/share/slam_ultrasonic/local_setup.dsv
[3.644s] -- Installing: /home/pi/final_ws/src/slam_ultrasonic/install/slam_ultrasonic/share/slam_ultrasonic/package.dsv
[3.645s] -- Installing: /home/pi/final_ws/src/slam_ultrasonic/install/slam_ultrasonic/share/ament_index/resource_index/packages/slam_ultrasonic
[3.647s] -- Installing: /home/pi/final_ws/src/slam_ultrasonic/install/slam_ultrasonic/share/slam_ultrasonic/cmake/slam_ultrasonicConfig.cmake
[3.648s] -- Installing: /home/pi/final_ws/src/slam_ultrasonic/install/slam_ultrasonic/share/slam_ultrasonic/cmake/slam_ultrasonicConfig-version.cmake
[3.649s] -- Installing: /home/pi/final_ws/src/slam_ultrasonic/install/slam_ultrasonic/share/slam_ultrasonic/package.xml
[3.656s] Invoked command in '/home/pi/final_ws/src/slam_ultrasonic/build/slam_ultrasonic' returned '0': CMAKE_PREFIX_PATH=${CMAKE_PREFIX_PATH}:/opt/ros/humble /usr/bin/cmake --install /home/pi/final_ws/src/slam_ultrasonic/build/slam_ultrasonic
