[0.461s] DEBUG:colcon:Command line arguments: ['/usr/bin/colcon', 'build']
[0.462s] DEBUG:colcon:Parsed command line arguments: Namespace(log_base=None, log_level=None, verb_name='build', build_base='build', install_base='install', merge_install=False, symlink_install=False, test_result_base=None, continue_on_error=False, executor='parallel', parallel_workers=4, event_handlers=None, ignore_user_meta=False, metas=['./colcon.meta'], base_paths=['.'], packages_ignore=None, packages_ignore_regex=None, paths=None, packages_up_to=None, packages_up_to_regex=None, packages_above=None, packages_above_and_dependencies=None, packages_above_depth=None, packages_select_by_dep=None, packages_skip_by_dep=None, packages_skip_up_to=None, packages_select_build_failed=False, packages_skip_build_finished=False, packages_select_test_failures=False, packages_skip_test_passed=False, packages_select=None, packages_skip=None, packages_select_regex=None, packages_skip_regex=None, packages_start=None, packages_end=None, allow_overriding=[], cmake_args=None, cmake_target=None, cmake_target_skip_unavailable=False, cmake_clean_cache=False, cmake_clean_first=False, cmake_force_configure=False, ament_cmake_args=None, catkin_cmake_args=None, catkin_skip_building_tests=False, mixin_files=None, mixin=None, verb_parser=<colcon_mixin.mixin.mixin_argument.MixinArgumentDecorator object at 0xffff980a6170>, verb_extension=<colcon_core.verb.build.BuildVerb object at 0xffff981d2770>, main=<bound method BuildVerb.main of <colcon_core.verb.build.BuildVerb object at 0xffff981d2770>>, mixin_verb=('build',))
[1.352s] Level 1:colcon.colcon_core.package_discovery:discover_packages(colcon_meta) check parameters
[1.353s] Level 1:colcon.colcon_core.package_discovery:discover_packages(recursive) check parameters
[1.353s] Level 1:colcon.colcon_core.package_discovery:discover_packages(ignore) check parameters
[1.353s] Level 1:colcon.colcon_core.package_discovery:discover_packages(path) check parameters
[1.353s] Level 1:colcon.colcon_core.package_discovery:discover_packages(colcon_meta) discover
[1.353s] Level 1:colcon.colcon_core.package_discovery:discover_packages(recursive) discover
[1.353s] INFO:colcon.colcon_core.package_discovery:Crawling recursively for packages in '/home/pi/final_ws/src/slam_ultrasonic'
[1.354s] Level 1:colcon.colcon_core.package_identification:_identify(.) by extensions ['ignore', 'ignore_ament_install']
[1.354s] Level 1:colcon.colcon_core.package_identification:_identify(.) by extension 'ignore'
[1.354s] Level 1:colcon.colcon_core.package_identification:_identify(.) by extension 'ignore_ament_install'
[1.355s] Level 1:colcon.colcon_core.package_identification:_identify(.) by extensions ['colcon_pkg']
[1.355s] Level 1:colcon.colcon_core.package_identification:_identify(.) by extension 'colcon_pkg'
[1.355s] Level 1:colcon.colcon_core.package_identification:_identify(.) by extensions ['colcon_meta']
[1.355s] Level 1:colcon.colcon_core.package_identification:_identify(.) by extension 'colcon_meta'
[1.355s] Level 1:colcon.colcon_core.package_identification:_identify(.) by extensions ['ros']
[1.355s] Level 1:colcon.colcon_core.package_identification:_identify(.) by extension 'ros'
[1.406s] DEBUG:colcon.colcon_core.package_identification:Package '.' with type 'ros.ament_cmake' and name 'slam_ultrasonic'
[1.406s] Level 1:colcon.colcon_core.package_discovery:discover_packages(recursive) using defaults
[1.407s] Level 1:colcon.colcon_core.package_discovery:discover_packages(ignore) discover
[1.407s] Level 1:colcon.colcon_core.package_discovery:discover_packages(ignore) using defaults
[1.407s] Level 1:colcon.colcon_core.package_discovery:discover_packages(path) discover
[1.407s] Level 1:colcon.colcon_core.package_discovery:discover_packages(path) using defaults
[1.523s] Level 1:colcon.colcon_core.package_discovery:discover_packages(prefix_path) check parameters
[1.523s] Level 1:colcon.colcon_core.package_discovery:discover_packages(prefix_path) discover
[1.531s] DEBUG:colcon.colcon_installed_package_information.package_discovery:Found 2 installed packages in /home/pi/final_ws/install
[1.541s] DEBUG:colcon.colcon_installed_package_information.package_discovery:Found 316 installed packages in /opt/ros/humble
[1.548s] Level 1:colcon.colcon_core.package_discovery:discover_packages(prefix_path) using defaults
[1.818s] Level 5:colcon.colcon_core.verb:set package 'slam_ultrasonic' build argument 'cmake_args' from command line to 'None'
[1.819s] Level 5:colcon.colcon_core.verb:set package 'slam_ultrasonic' build argument 'cmake_target' from command line to 'None'
[1.819s] Level 5:colcon.colcon_core.verb:set package 'slam_ultrasonic' build argument 'cmake_target_skip_unavailable' from command line to 'False'
[1.819s] Level 5:colcon.colcon_core.verb:set package 'slam_ultrasonic' build argument 'cmake_clean_cache' from command line to 'False'
[1.819s] Level 5:colcon.colcon_core.verb:set package 'slam_ultrasonic' build argument 'cmake_clean_first' from command line to 'False'
[1.819s] Level 5:colcon.colcon_core.verb:set package 'slam_ultrasonic' build argument 'cmake_force_configure' from command line to 'False'
[1.819s] Level 5:colcon.colcon_core.verb:set package 'slam_ultrasonic' build argument 'ament_cmake_args' from command line to 'None'
[1.819s] Level 5:colcon.colcon_core.verb:set package 'slam_ultrasonic' build argument 'catkin_cmake_args' from command line to 'None'
[1.819s] Level 5:colcon.colcon_core.verb:set package 'slam_ultrasonic' build argument 'catkin_skip_building_tests' from command line to 'False'
[1.820s] DEBUG:colcon.colcon_core.verb:Building package 'slam_ultrasonic' with the following arguments: {'ament_cmake_args': None, 'build_base': '/home/pi/final_ws/src/slam_ultrasonic/build/slam_ultrasonic', 'catkin_cmake_args': None, 'catkin_skip_building_tests': False, 'cmake_args': None, 'cmake_clean_cache': False, 'cmake_clean_first': False, 'cmake_force_configure': False, 'cmake_target': None, 'cmake_target_skip_unavailable': False, 'install_base': '/home/pi/final_ws/src/slam_ultrasonic/install/slam_ultrasonic', 'merge_install': False, 'path': '/home/pi/final_ws/src/slam_ultrasonic', 'symlink_install': False, 'test_result_base': None}
[1.820s] INFO:colcon.colcon_core.executor:Executing jobs using 'parallel' executor
[1.824s] DEBUG:colcon.colcon_parallel_executor.executor.parallel:run_until_complete
[1.825s] INFO:colcon.colcon_ros.task.ament_cmake.build:Building ROS package in '/home/pi/final_ws/src/slam_ultrasonic' with build type 'ament_cmake'
[1.826s] INFO:colcon.colcon_cmake.task.cmake.build:Building CMake package in '/home/pi/final_ws/src/slam_ultrasonic'
[1.837s] INFO:colcon.colcon_core.plugin_system:Skipping extension 'colcon_core.shell.bat': Not used on non-Windows systems
[1.837s] INFO:colcon.colcon_core.shell:Skip shell extension 'powershell' for command environment: Not usable outside of PowerShell
[1.838s] DEBUG:colcon.colcon_core.shell:Skip shell extension 'dsv' for command environment
[1.883s] DEBUG:colcon.colcon_core.event_handler.log_command:Invoking command in '/home/pi/final_ws/src/slam_ultrasonic/build/slam_ultrasonic': CMAKE_PREFIX_PATH=${CMAKE_PREFIX_PATH}:/opt/ros/humble /usr/bin/cmake /home/pi/final_ws/src/slam_ultrasonic -DCMAKE_INSTALL_PREFIX=/home/pi/final_ws/src/slam_ultrasonic/install/slam_ultrasonic
[4.957s] DEBUG:colcon.colcon_core.event_handler.log_command:Invoked command in '/home/pi/final_ws/src/slam_ultrasonic/build/slam_ultrasonic' returned '0': CMAKE_PREFIX_PATH=${CMAKE_PREFIX_PATH}:/opt/ros/humble /usr/bin/cmake /home/pi/final_ws/src/slam_ultrasonic -DCMAKE_INSTALL_PREFIX=/home/pi/final_ws/src/slam_ultrasonic/install/slam_ultrasonic
[4.968s] DEBUG:colcon.colcon_core.event_handler.log_command:Invoking command in '/home/pi/final_ws/src/slam_ultrasonic/build/slam_ultrasonic': CMAKE_PREFIX_PATH=${CMAKE_PREFIX_PATH}:/opt/ros/humble /usr/bin/cmake --build /home/pi/final_ws/src/slam_ultrasonic/build/slam_ultrasonic -- -j4 -l4
[5.127s] DEBUG:colcon.colcon_core.event_handler.log_command:Invoked command in '/home/pi/final_ws/src/slam_ultrasonic/build/slam_ultrasonic' returned '0': CMAKE_PREFIX_PATH=${CMAKE_PREFIX_PATH}:/opt/ros/humble /usr/bin/cmake --build /home/pi/final_ws/src/slam_ultrasonic/build/slam_ultrasonic -- -j4 -l4
[5.406s] DEBUG:colcon.colcon_core.event_handler.log_command:Invoking command in '/home/pi/final_ws/src/slam_ultrasonic/build/slam_ultrasonic': CMAKE_PREFIX_PATH=${CMAKE_PREFIX_PATH}:/opt/ros/humble /usr/bin/cmake --install /home/pi/final_ws/src/slam_ultrasonic/build/slam_ultrasonic
[5.481s] Level 1:colcon.colcon_core.environment:create_environment_scripts_only(slam_ultrasonic)
[5.483s] DEBUG:colcon.colcon_core.event_handler.log_command:Invoked command in '/home/pi/final_ws/src/slam_ultrasonic/build/slam_ultrasonic' returned '0': CMAKE_PREFIX_PATH=${CMAKE_PREFIX_PATH}:/opt/ros/humble /usr/bin/cmake --install /home/pi/final_ws/src/slam_ultrasonic/build/slam_ultrasonic
[5.492s] Level 1:colcon.colcon_core.environment:checking '/home/pi/final_ws/src/slam_ultrasonic/install/slam_ultrasonic' for CMake module files
[5.496s] Level 1:colcon.colcon_core.environment:checking '/home/pi/final_ws/src/slam_ultrasonic/install/slam_ultrasonic' for CMake config files
[5.498s] Level 1:colcon.colcon_core.shell:create_environment_hook('slam_ultrasonic', 'cmake_prefix_path')
[5.499s] INFO:colcon.colcon_core.shell:Creating environment hook '/home/pi/final_ws/src/slam_ultrasonic/install/slam_ultrasonic/share/slam_ultrasonic/hook/cmake_prefix_path.ps1'
[5.501s] INFO:colcon.colcon_core.shell:Creating environment descriptor '/home/pi/final_ws/src/slam_ultrasonic/install/slam_ultrasonic/share/slam_ultrasonic/hook/cmake_prefix_path.dsv'
[5.503s] INFO:colcon.colcon_core.shell:Creating environment hook '/home/pi/final_ws/src/slam_ultrasonic/install/slam_ultrasonic/share/slam_ultrasonic/hook/cmake_prefix_path.sh'
[5.507s] Level 1:colcon.colcon_core.environment:checking '/home/pi/final_ws/src/slam_ultrasonic/install/slam_ultrasonic/lib'
[5.508s] Level 1:colcon.colcon_core.environment:checking '/home/pi/final_ws/src/slam_ultrasonic/install/slam_ultrasonic/bin'
[5.508s] Level 1:colcon.colcon_core.environment:checking '/home/pi/final_ws/src/slam_ultrasonic/install/slam_ultrasonic/lib/pkgconfig/slam_ultrasonic.pc'
[5.509s] Level 1:colcon.colcon_core.environment:checking '/home/pi/final_ws/src/slam_ultrasonic/install/slam_ultrasonic/lib/python3.10/site-packages'
[5.510s] Level 1:colcon.colcon_core.environment:checking '/home/pi/final_ws/src/slam_ultrasonic/install/slam_ultrasonic/bin'
[5.511s] INFO:colcon.colcon_core.shell:Creating package script '/home/pi/final_ws/src/slam_ultrasonic/install/slam_ultrasonic/share/slam_ultrasonic/package.ps1'
[5.514s] INFO:colcon.colcon_core.shell:Creating package descriptor '/home/pi/final_ws/src/slam_ultrasonic/install/slam_ultrasonic/share/slam_ultrasonic/package.dsv'
[5.516s] INFO:colcon.colcon_core.shell:Creating package script '/home/pi/final_ws/src/slam_ultrasonic/install/slam_ultrasonic/share/slam_ultrasonic/package.sh'
[5.519s] INFO:colcon.colcon_core.shell:Creating package script '/home/pi/final_ws/src/slam_ultrasonic/install/slam_ultrasonic/share/slam_ultrasonic/package.bash'
[5.522s] INFO:colcon.colcon_core.shell:Creating package script '/home/pi/final_ws/src/slam_ultrasonic/install/slam_ultrasonic/share/slam_ultrasonic/package.zsh'
[5.525s] Level 1:colcon.colcon_core.environment:create_file_with_runtime_dependencies(/home/pi/final_ws/src/slam_ultrasonic/install/slam_ultrasonic/share/colcon-core/packages/slam_ultrasonic)
[5.636s] Level 1:colcon.colcon_core.environment:create_environment_scripts_only(slam_ultrasonic)
[5.637s] Level 1:colcon.colcon_core.environment:checking '/home/pi/final_ws/src/slam_ultrasonic/install/slam_ultrasonic' for CMake module files
[5.641s] Level 1:colcon.colcon_core.environment:checking '/home/pi/final_ws/src/slam_ultrasonic/install/slam_ultrasonic' for CMake config files
[5.645s] Level 1:colcon.colcon_core.shell:create_environment_hook('slam_ultrasonic', 'cmake_prefix_path')
[5.646s] INFO:colcon.colcon_core.shell:Creating environment hook '/home/pi/final_ws/src/slam_ultrasonic/install/slam_ultrasonic/share/slam_ultrasonic/hook/cmake_prefix_path.ps1'
[5.650s] INFO:colcon.colcon_core.shell:Creating environment descriptor '/home/pi/final_ws/src/slam_ultrasonic/install/slam_ultrasonic/share/slam_ultrasonic/hook/cmake_prefix_path.dsv'
[5.652s] INFO:colcon.colcon_core.shell:Creating environment hook '/home/pi/final_ws/src/slam_ultrasonic/install/slam_ultrasonic/share/slam_ultrasonic/hook/cmake_prefix_path.sh'
[5.656s] Level 1:colcon.colcon_core.environment:checking '/home/pi/final_ws/src/slam_ultrasonic/install/slam_ultrasonic/lib'
[5.657s] Level 1:colcon.colcon_core.environment:checking '/home/pi/final_ws/src/slam_ultrasonic/install/slam_ultrasonic/bin'
[5.657s] Level 1:colcon.colcon_core.environment:checking '/home/pi/final_ws/src/slam_ultrasonic/install/slam_ultrasonic/lib/pkgconfig/slam_ultrasonic.pc'
[5.658s] Level 1:colcon.colcon_core.environment:checking '/home/pi/final_ws/src/slam_ultrasonic/install/slam_ultrasonic/lib/python3.10/site-packages'
[5.659s] Level 1:colcon.colcon_core.environment:checking '/home/pi/final_ws/src/slam_ultrasonic/install/slam_ultrasonic/bin'
[5.660s] INFO:colcon.colcon_core.shell:Creating package script '/home/pi/final_ws/src/slam_ultrasonic/install/slam_ultrasonic/share/slam_ultrasonic/package.ps1'
[5.663s] INFO:colcon.colcon_core.shell:Creating package descriptor '/home/pi/final_ws/src/slam_ultrasonic/install/slam_ultrasonic/share/slam_ultrasonic/package.dsv'
[5.665s] INFO:colcon.colcon_core.shell:Creating package script '/home/pi/final_ws/src/slam_ultrasonic/install/slam_ultrasonic/share/slam_ultrasonic/package.sh'
[5.667s] INFO:colcon.colcon_core.shell:Creating package script '/home/pi/final_ws/src/slam_ultrasonic/install/slam_ultrasonic/share/slam_ultrasonic/package.bash'
[5.669s] INFO:colcon.colcon_core.shell:Creating package script '/home/pi/final_ws/src/slam_ultrasonic/install/slam_ultrasonic/share/slam_ultrasonic/package.zsh'
[5.671s] Level 1:colcon.colcon_core.environment:create_file_with_runtime_dependencies(/home/pi/final_ws/src/slam_ultrasonic/install/slam_ultrasonic/share/colcon-core/packages/slam_ultrasonic)
[5.672s] DEBUG:colcon.colcon_parallel_executor.executor.parallel:closing loop
[5.673s] DEBUG:colcon.colcon_parallel_executor.executor.parallel:loop closed
[5.674s] DEBUG:colcon.colcon_parallel_executor.executor.parallel:run_until_complete finished with '0'
[5.674s] DEBUG:colcon.colcon_core.event_reactor:joining thread
[5.709s] INFO:colcon.colcon_core.plugin_system:Skipping extension 'colcon_notification.desktop_notification.notify_send': Could not find 'notify-send'
[5.710s] INFO:colcon.colcon_core.plugin_system:Skipping extension 'colcon_notification.desktop_notification.terminal_notifier': Not used on non-Darwin systems
[5.710s] INFO:colcon.colcon_core.plugin_system:Skipping extension 'colcon_notification.desktop_notification.win32': Not used on non-Windows systems
[5.711s] INFO:colcon.colcon_notification.desktop_notification:Sending desktop notification using 'notify2'
[5.716s] DEBUG:colcon.colcon_notification.desktop_notification.notify2:Failed to initialize notify2: org.freedesktop.DBus.Error.ServiceUnknown: The name org.freedesktop.Notifications was not provided by any .service files
[5.716s] DEBUG:colcon.colcon_core.event_reactor:joined thread
[5.718s] INFO:colcon.colcon_core.shell:Creating prefix script '/home/pi/final_ws/src/slam_ultrasonic/install/local_setup.ps1'
[5.722s] INFO:colcon.colcon_core.shell:Creating prefix util module '/home/pi/final_ws/src/slam_ultrasonic/install/_local_setup_util_ps1.py'
[5.729s] INFO:colcon.colcon_core.shell:Creating prefix chain script '/home/pi/final_ws/src/slam_ultrasonic/install/setup.ps1'
[5.736s] INFO:colcon.colcon_core.shell:Creating prefix script '/home/pi/final_ws/src/slam_ultrasonic/install/local_setup.sh'
[5.739s] INFO:colcon.colcon_core.shell:Creating prefix util module '/home/pi/final_ws/src/slam_ultrasonic/install/_local_setup_util_sh.py'
[5.742s] INFO:colcon.colcon_core.shell:Creating prefix chain script '/home/pi/final_ws/src/slam_ultrasonic/install/setup.sh'
[5.747s] INFO:colcon.colcon_core.shell:Creating prefix script '/home/pi/final_ws/src/slam_ultrasonic/install/local_setup.bash'
[5.749s] INFO:colcon.colcon_core.shell:Creating prefix chain script '/home/pi/final_ws/src/slam_ultrasonic/install/setup.bash'
[5.754s] INFO:colcon.colcon_core.shell:Creating prefix script '/home/pi/final_ws/src/slam_ultrasonic/install/local_setup.zsh'
[5.757s] INFO:colcon.colcon_core.shell:Creating prefix chain script '/home/pi/final_ws/src/slam_ultrasonic/install/setup.zsh'
