-- The C compiler identification is GNU 11.4.0
-- The CXX compiler identification is GNU 11.4.0
-- Detecting C compiler ABI info
-- Detecting C compiler ABI info - done
-- Check for working C compiler: /usr/bin/cc - skipped
-- Detecting C compile features
-- Detecting C compile features - done
-- Detecting CXX compiler ABI info
-- Detecting CXX compiler ABI info - done
-- Check for working CXX compiler: /usr/bin/c++ - skipped
-- Detecting CXX compile features
-- Detecting CXX compile features - done
-- Found ament_cmake: 1.3.9 (/opt/ros/humble/share/ament_cmake/cmake)
-- Found Python3: /usr/bin/python3 (found version "3.10.12") found components: Interpreter 
-- Found rclcpp: 16.0.9 (/opt/ros/humble/share/rclcpp/cmake)
-- Found rosidl_generator_c: 3.1.5 (/opt/ros/humble/share/rosidl_generator_c/cmake)
-- Found rosidl_adapter: 3.1.5 (/opt/ros/humble/share/rosidl_adapter/cmake)
-- Found rosidl_generator_cpp: 3.1.5 (/opt/ros/humble/share/rosidl_generator_cpp/cmake)
-- Using all available rosidl_typesupport_c: rosidl_typesupport_fastrtps_c;rosidl_typesupport_introspection_c
-- Using all available rosidl_typesupport_cpp: rosidl_typesupport_fastrtps_cpp;rosidl_typesupport_introspection_cpp
-- Found rmw_implementation_cmake: 6.1.2 (/opt/ros/humble/share/rmw_implementation_cmake/cmake)
-- Found rmw_fastrtps_cpp: 6.2.6 (/opt/ros/humble/share/rmw_fastrtps_cpp/cmake)
-- Found OpenSSL: /usr/lib/aarch64-linux-gnu/libcrypto.so (found version "3.0.2")  
-- Found FastRTPS: /opt/ros/humble/include  
-- Using RMW implementation 'rmw_fastrtps_cpp' as default
-- Looking for pthread.h
-- Looking for pthread.h - found
-- Performing Test CMAKE_HAVE_LIBC_PTHREAD
-- Performing Test CMAKE_HAVE_LIBC_PTHREAD - Success
-- Found Threads: TRUE  
-- Found hardware_interface: 2.41.0 (/opt/ros/humble/share/hardware_interface/cmake)
-- Found controller_manager: 2.41.0 (/opt/ros/humble/share/controller_manager/cmake)
-- Found diff_drive_controller: 2.35.0 (/opt/ros/humble/share/diff_drive_controller/cmake)
-- Found parameter_traits: 0.3.8 (/opt/ros/humble/share/parameter_traits/cmake)
-- Found joint_state_broadcaster: 2.35.0 (/opt/ros/humble/share/joint_state_broadcaster/cmake)
-- Found ros2_control: 2.41.0 (/opt/ros/humble/share/ros2_control/cmake)
-- Found ros2_control_test_assets: 2.41.0 (/opt/ros/humble/share/ros2_control_test_assets/cmake)
-- Configuring done
-- Generating done
-- Build files have been written to: /home/pi/final_ws/src/build/my_robot
[ 50%] [32mBuilding CXX object CMakeFiles/my_robot_hardware.dir/hardware/src/my_robot_hardware.cpp.o[0m
[100%] [32m[1mLinking CXX shared library libmy_robot_hardware.so[0m
[100%] Built target my_robot_hardware
-- Install configuration: ""
-- Installing: /home/pi/final_ws/src/install/my_robot/share/my_robot/my_robot_hardware.xml
-- Installing: /home/pi/final_ws/src/install/my_robot/lib/libmy_robot_hardware.so
-- Set runtime path of "/home/pi/final_ws/src/install/my_robot/lib/libmy_robot_hardware.so" to ""
-- Installing: /home/pi/final_ws/src/install/my_robot/share/my_robot//bringup
-- Installing: /home/pi/final_ws/src/install/my_robot/share/my_robot//bringup/config
-- Installing: /home/pi/final_ws/src/install/my_robot/share/my_robot//bringup/config/my_robot_controllers.yaml
-- Installing: /home/pi/final_ws/src/install/my_robot/share/my_robot//bringup/launch
-- Installing: /home/pi/final_ws/src/install/my_robot/share/my_robot//bringup/launch/rsp.launch.py
-- Installing: /home/pi/final_ws/src/install/my_robot/share/my_robot//bringup/launch/my_robot.launch.py
-- Installing: /home/pi/final_ws/src/install/my_robot/share/my_robot//description
-- Installing: /home/pi/final_ws/src/install/my_robot/share/my_robot//description/urdf
-- Installing: /home/pi/final_ws/src/install/my_robot/share/my_robot//description/urdf/my_robot.urdf.xacro
-- Installing: /home/pi/final_ws/src/install/my_robot/share/my_robot//description/urdf/ultrasonic.xacro
-- Installing: /home/pi/final_ws/src/install/my_robot/share/my_robot//description/urdf/common_properties.xacro
-- Installing: /home/pi/final_ws/src/install/my_robot/share/my_robot//description/urdf/camera.xacro
-- Installing: /home/pi/final_ws/src/install/my_robot/share/my_robot//description/ros_control
-- Installing: /home/pi/final_ws/src/install/my_robot/share/my_robot//description/ros_control/my_robot_control.xacro
-- Installing: /home/pi/final_ws/src/install/my_robot/share/my_robot//description/launch
-- Installing: /home/pi/final_ws/src/install/my_robot/share/my_robot//hardware
-- Installing: /home/pi/final_ws/src/install/my_robot/share/my_robot//hardware/src
-- Installing: /home/pi/final_ws/src/install/my_robot/share/my_robot//hardware/src/my_robot_hardware.cpp
-- Installing: /home/pi/final_ws/src/install/my_robot/share/my_robot//hardware/include
-- Installing: /home/pi/final_ws/src/install/my_robot/share/my_robot//hardware/include/my_robot
-- Installing: /home/pi/final_ws/src/install/my_robot/share/my_robot//hardware/include/my_robot/my_robot_hardware.hpp
-- Installing: /home/pi/final_ws/src/install/my_robot/share/ament_index/resource_index/package_run_dependencies/my_robot
-- Installing: /home/pi/final_ws/src/install/my_robot/share/ament_index/resource_index/parent_prefix_path/my_robot
-- Installing: /home/pi/final_ws/src/install/my_robot/share/my_robot/environment/ament_prefix_path.sh
-- Installing: /home/pi/final_ws/src/install/my_robot/share/my_robot/environment/ament_prefix_path.dsv
-- Installing: /home/pi/final_ws/src/install/my_robot/share/my_robot/environment/path.sh
-- Installing: /home/pi/final_ws/src/install/my_robot/share/my_robot/environment/path.dsv
-- Installing: /home/pi/final_ws/src/install/my_robot/share/my_robot/local_setup.bash
-- Installing: /home/pi/final_ws/src/install/my_robot/share/my_robot/local_setup.sh
-- Installing: /home/pi/final_ws/src/install/my_robot/share/my_robot/local_setup.zsh
-- Installing: /home/pi/final_ws/src/install/my_robot/share/my_robot/local_setup.dsv
-- Installing: /home/pi/final_ws/src/install/my_robot/share/my_robot/package.dsv
-- Installing: /home/pi/final_ws/src/install/my_robot/share/ament_index/resource_index/packages/my_robot
-- Installing: /home/pi/final_ws/src/install/my_robot/share/ament_index/resource_index/hardware_interface__pluginlib__plugin/my_robot
-- Installing: /home/pi/final_ws/src/install/my_robot/share/my_robot/cmake/ament_cmake_export_dependencies-extras.cmake
-- Installing: /home/pi/final_ws/src/install/my_robot/share/my_robot/cmake/my_robotConfig.cmake
-- Installing: /home/pi/final_ws/src/install/my_robot/share/my_robot/cmake/my_robotConfig-version.cmake
-- Installing: /home/pi/final_ws/src/install/my_robot/share/my_robot/package.xml
