running egg_info
creating ../build/pi_camera/pi_camera.egg-info
writing ../build/pi_camera/pi_camera.egg-info/PKG-INFO
writing dependency_links to ../build/pi_camera/pi_camera.egg-info/dependency_links.txt
writing entry points to ../build/pi_camera/pi_camera.egg-info/entry_points.txt
writing requirements to ../build/pi_camera/pi_camera.egg-info/requires.txt
writing top-level names to ../build/pi_camera/pi_camera.egg-info/top_level.txt
writing manifest file '../build/pi_camera/pi_camera.egg-info/SOURCES.txt'
reading manifest file '../build/pi_camera/pi_camera.egg-info/SOURCES.txt'
adding license file 'LICENSE'
writing manifest file '../build/pi_camera/pi_camera.egg-info/SOURCES.txt'
running build
running build_py
creating /home/pi/final_ws/src/build/pi_camera/build
creating /home/pi/final_ws/src/build/pi_camera/build/lib
creating /home/pi/final_ws/src/build/pi_camera/build/lib/pi_camera
copying pi_camera/__init__.py -> /home/pi/final_ws/src/build/pi_camera/build/lib/pi_camera
copying pi_camera/view_compressed.py -> /home/pi/final_ws/src/build/pi_camera/build/lib/pi_camera
copying pi_camera/publish_compressed.py -> /home/pi/final_ws/src/build/pi_camera/build/lib/pi_camera
running install
running install_lib
creating /home/pi/final_ws/src/install/pi_camera/lib/python3.10/site-packages/pi_camera
copying /home/pi/final_ws/src/build/pi_camera/build/lib/pi_camera/__init__.py -> /home/pi/final_ws/src/install/pi_camera/lib/python3.10/site-packages/pi_camera
copying /home/pi/final_ws/src/build/pi_camera/build/lib/pi_camera/view_compressed.py -> /home/pi/final_ws/src/install/pi_camera/lib/python3.10/site-packages/pi_camera
copying /home/pi/final_ws/src/build/pi_camera/build/lib/pi_camera/publish_compressed.py -> /home/pi/final_ws/src/install/pi_camera/lib/python3.10/site-packages/pi_camera
byte-compiling /home/pi/final_ws/src/install/pi_camera/lib/python3.10/site-packages/pi_camera/__init__.py to __init__.cpython-310.pyc
byte-compiling /home/pi/final_ws/src/install/pi_camera/lib/python3.10/site-packages/pi_camera/view_compressed.py to view_compressed.cpython-310.pyc
byte-compiling /home/pi/final_ws/src/install/pi_camera/lib/python3.10/site-packages/pi_camera/publish_compressed.py to publish_compressed.cpython-310.pyc
running install_data
creating /home/pi/final_ws/src/install/pi_camera/share/ament_index
creating /home/pi/final_ws/src/install/pi_camera/share/ament_index/resource_index
creating /home/pi/final_ws/src/install/pi_camera/share/ament_index/resource_index/packages
copying resource/pi_camera -> /home/pi/final_ws/src/install/pi_camera/share/ament_index/resource_index/packages
copying package.xml -> /home/pi/final_ws/src/install/pi_camera/share/pi_camera
running install_egg_info
Copying ../build/pi_camera/pi_camera.egg-info to /home/pi/final_ws/src/install/pi_camera/lib/python3.10/site-packages/pi_camera-0.0.0-py3.10.egg-info
running install_scripts
Installing publish_compressed script to /home/pi/final_ws/src/install/pi_camera/lib/pi_camera
Installing view_compressed script to /home/pi/final_ws/src/install/pi_camera/lib/pi_camera
writing list of installed files to '/home/pi/final_ws/src/build/pi_camera/install.log'
